
> react-template@0.1.0 start
> export NODE_OPTIONS=--openssl-legacy-provider && react-scripts start

[34mℹ[39m [90m｢wds｣[39m: Project is running at http://192.168.2.71/
[34mℹ[39m [90m｢wds｣[39m: webpack output is served from 
[34mℹ[39m [90m｢wds｣[39m: Content not from webpack is served from /Users/xg/project/MLcore-Engine/web/public
[34mℹ[39m [90m｢wds｣[39m: 404s will fallback to /
Starting the development server...

Compiled with warnings.

./src/components/SystemSetting.js
  Line 283:64:  Using target="_blank" without rel="noopener noreferrer" is a security risk: see https://mathiasbynens.github.io/rel-noopener  react/jsx-no-target-blank
  Line 323:17:  Using target="_blank" without rel="noopener noreferrer" is a security risk: see https://mathiasbynens.github.io/rel-noopener  react/jsx-no-target-blank
  Line 365:54:  Using target="_blank" without rel="noopener noreferrer" is a security risk: see https://mathiasbynens.github.io/rel-noopener  react/jsx-no-target-blank

./src/components/RegisterForm.js
  Line 30:3:  React Hook useEffect contains a call to 'setShowEmailVerification'. Without a list of dependencies, this can lead to an infinite chain of updates. To fix this, pass [] as a second argument to the useEffect Hook  react-hooks/exhaustive-deps

./src/components/OtherSetting.js
  Line 39:6:  React Hook useEffect has a missing dependency: 'getOptions'. Either include it or remove the dependency array  react-hooks/exhaustive-deps

./src/App.js
  Line 3:45:   'Icon' is defined but never used        no-unused-vars
  Line 12:10:  'API' is defined but never used         no-unused-vars
  Line 12:15:  'showError' is defined but never used   no-unused-vars
  Line 12:26:  'showNotice' is defined but never used  no-unused-vars

./src/helpers/auth-header.js
  Line 3:9:  'user' is assigned a value but never used  no-unused-vars

./src/pages/User/EditUser.js
  Line 42:6:  React Hook useEffect has a missing dependency: 'loadUser'. Either include it or remove the dependency array  react-hooks/exhaustive-deps

./src/context/User/index.js
  Line 45:10:  'isTokenValid' is defined but never used  no-unused-vars

./src/components/LoginForm.js
  Line 54:24:  'setSearchParams' is assigned a value but never used                                                             no-unused-vars
  Line 55:10:  'submitted' is assigned a value but never used                                                                   no-unused-vars
  Line 71:6:   React Hook useEffect has a missing dependency: 'searchParams'. Either include it or remove the dependency array  react-hooks/exhaustive-deps

./src/components/UsersTable.js
  Line 68:6:  React Hook useEffect has a missing dependency: 'loadUsers'. Either include it or remove the dependency array  react-hooks/exhaustive-deps

./src/pages/Notebook.js
  Line 7:19:  'setVisible' is assigned a value but never used  no-unused-vars

./src/components/GitHubOAuth.js
  Line 8:24:   'setSearchParams' is assigned a value but never used                                                                              no-unused-vars
  Line 10:10:  'userState' is assigned a value but never used                                                                                    no-unused-vars
  Line 12:10:  'processing' is assigned a value but never used                                                                                   no-unused-vars
  Line 12:22:  'setProcessing' is assigned a value but never used                                                                                no-unused-vars
  Line 46:6:   React Hook useEffect has missing dependencies: 'searchParams' and 'sendCode'. Either include them or remove the dependency array  react-hooks/exhaustive-deps

Search for the keywords to learn more about each warning.
To ignore, add // eslint-disable-next-line to the line before.

